This is e-pTeX, Version 3.1415926-p3.3-110825-2.4 (utf8.euc) (TeX Live 2012/Debian) (format=platex 2013.8.29)  24 SEP 2013 13:20
entering extended mode
 restricted \write18 enabled.
 %&-line parsing enabled.
**ilsstyles.ins
(./ilsstyles.ins
pLaTeX2e <2006/11/10> (based on LaTeX2e <2011/06/27> patch level 0)
Babel <v3.8m> and hyphenation patterns for english, dumylang, nohyphenation, pi
nyin, thai, loaded.
(/usr/share/texlive/texmf-dist/tex/latex/base/docstrip.tex
\blockLevel=\count81
\emptyLines=\count82
\processedLines=\count83
\commentsRemoved=\count84
\commentsPassed=\count85
\codeLinesPassed=\count86
\TotalprocessedLines=\count87
\TotalcommentsRemoved=\count88
\TotalcommentsPassed=\count89
\TotalcodeLinesPassed=\count90
\NumberOfFiles=\count91
\inFile=\read1
\inputcheck=\read2
\off@0=\count92
\off@1=\count93
\off@2=\count94
\off@3=\count95
\off@4=\count96
\off@5=\count97
\off@6=\count98
\off@7=\count99
\off@8=\count100
\off@9=\count101
\off@10=\count102
\off@11=\count103
\off@12=\count104
\off@13=\count105
\off@14=\count106
\off@15=\count107
\@maxfiles=\count108
\@maxoutfiles=\count109

Utility: `docstrip' 2.5d <2005/07/29>
English documentation    <1999/03/31>

**********************************************************
* This program converts documented macro-files into fast *
* loadable files by stripping off (nearly) all comments! *
**********************************************************

********************************************************
* No Configuration file found, using default settings. *
********************************************************

(./ilsstyles.ins

Generating file(s) ./ilssoturon.sty 
\openout0 = `./ilssoturon.sty'.


Processing file ilsstyles.dtx (soturon) -> ilssoturon.sty
% % % % % % % % % % % % % % % % % % % % %
<soturon|shuron|driver|fonts|12pt . > <*driver . > <soturon . > <shuron . >
<12pt . > <fonts . > <soturon|shuron|driver|fonts . > <12pt . > <*driver . . %
. . % % . . . . . . > % % % % % % % % % <*soturon|shuron . . > % % % % % % % %
% <soturon|shuron . > % % % % % % % % % % % % % <*soturon . . . . . . . . . .
. . . . . > % % % % % % <soturon|shuron . > % % % % % <*soturon|shuron . . . .
> % % % % % <*soturon|shuron . . . > % % % % <soturon . > <shuron . > % % % %
% % <*soturon|shuron . . > % % % % % % % % % <*12pt . . > % % % % % % % % % %
<12pt . > % % % % % % % % % <*12pt . . > % % % % % % % % % % % % <*12pt . . .
> % % % % % % % % % % % % % <*soturon|shuron . . . > % % % % % % % % % % % % %
% % % <*12pt . . . > % % % % % % % % % <12pt . > % % % % % % % % % % % <*12pt
. . . . . > % % % % % % % % % % % % % <*12pt . . > % % % % % % % <*12pt . . %
% % . . > % % % % % % % % % % % <12pt . > % % % % % % % % % % % <*12pt . . > %
% % % % % % % % % % <*12pt . . . > % % % % % % % % % % % % <12pt . > % % % % %
% <12pt . > % % % % % % % % % % <*soturon|shuron . . . . . . . . . . . . . . .
. . . . . % . . . . . % . . . % . . . . . . . . . > % % % % % % % % <*soturon
. . . . . . . . . . . . . . . . . . . % . . . . . % . . . % . . . . . . . . >
% % % % % % % % % % % <*shuron . . . . . . . . . . . . . . . . . . . % . . . .
. % . . . % . . . . . . . . . . . . . . . / . . . . . . . . . . . . . . . . .
. . . . . . . . > % % % % % % % % % % % % % % % % % % % % % % % % % <*soturon
. . . . > % % <*shuron % . . . . % . . . . . . . . . . . . . . . . . . . . . .
. . . . . . . % % > % % % % % <*12pt % . . . . . . . . . . . . . . . . . . . .
. > % % % <*soturon . . . . . . . . . . . . . . . . . . . . . . . . . . % . .
. . . . . . . . . . > % % % % % <*shuron . . . . . . . . . . . . . . . . % . .
. . . . . . . . . . % . . . . . . . . . . . . > % % % % % % <*shuron . . . . .
. . . . . . . . . . . > % % % % % <*soturon . . . % . . > <*shuron . . . . . >
% % % % % % % <*soturon|shuron . . > % % % % % % <*soturon|shuron . > % % % %
% % <*soturon . . . . . . . . . . . % % . . . . . . . > <*shuron . . . . . . .
. . . . . . . . . . . . > % % % % % % % <soturon|shuron . > % % % % % % % % %
% % % % % % % % % % % % % <soturon|shuron . > % % % % % % % <*shuron % % % . .
% . . . . % % . . . . . % % % . . % . . . . . . . . . . . . % . . . . % % % %
. . . . . . . . . . . . . . . . % % % % . . . . . . . . . . . . . . . % % % %
. . . . . . % % % % % . . . . . % % % % . . . . . % % % . . . . . > % % % % %
<*shuron . . . . . . . . . . . . . . . . % . . . . . . . . . . . . . . . . . .
. . . . . . . . . . . . . . . . . . . . . . . . . . . . . . . . . . . . . . .
. . . % . . . > % % % % % <*fonts . . . . . . . . . . . . . . . . . . . . . .
. . . . . . . . . . . . . . . . . . . . . . . . . . . . . . . . . . . . . . .
. . . . . . . . . . . . . . . > % % % % <*ilsmf . % % % % % % % % % . % % % .
. . % % . % . % % . . . . . % . . . . . . . . . . . . . . . . . . . . . . . .
. . . . . . . . . . . . . . . . . . . . . . . . . . . . . . . . . . . . . % %
% % % % % . . . % % . % . % % . . . . % . . . . . . . . . . . . . . . . . . .
. . . . . . . . . . . . . . . . . . . . . . . . . . . . . . . . . . . . . . .
. . . % % % % % % % . . . % % % . % % . . . . . . . % . . % . % % % % . % % .
. . . . . . % . % . % % . . . % % % % . % % . . . . . . . % . . % . % % % % .
% % . . . . . . . % . . % . . % . . . > % % % %
File ilsstyles.dtx ended by \endinput.
Lines  processed: 1485
Comments removed: 526
Comments  passed: 30
Codelines passed: 839


Generating file(s) ./ilsshuron.sty 
\openout0 = `./ilsshuron.sty'.


Processing file ilsstyles.dtx (shuron) -> ilsshuron.sty
% % % % % % % % % % % % % % % % % % % % %
<soturon|shuron|driver|fonts|12pt . > <*driver . > <soturon . > <shuron . >
<12pt . > <fonts . > <soturon|shuron|driver|fonts . > <12pt . > <*driver . . %
. . % % . . . . . . > % % % % % % % % % <*soturon|shuron . . > % % % % % % % %
% <soturon|shuron . > % % % % % % % % % % % % % <*soturon . . . . . . . . . .
. . . . . > % % % % % % <soturon|shuron . > % % % % % <*soturon|shuron . . . .
> % % % % % <*soturon|shuron . . . > % % % % <soturon . > <shuron . > % % % %
% % <*soturon|shuron . . > % % % % % % % % % <*12pt . . > % % % % % % % % % %
<12pt . > % % % % % % % % % <*12pt . . > % % % % % % % % % % % % <*12pt . . .
> % % % % % % % % % % % % % <*soturon|shuron . . . > % % % % % % % % % % % % %
% % % <*12pt . . . > % % % % % % % % % <12pt . > % % % % % % % % % % % <*12pt
. . . . . > % % % % % % % % % % % % % <*12pt . . > % % % % % % % <*12pt . . %
% % . . > % % % % % % % % % % % <12pt . > % % % % % % % % % % % <*12pt . . > %
% % % % % % % % % % <*12pt . . . > % % % % % % % % % % % % <12pt . > % % % % %
% <12pt . > % % % % % % % % % % <*soturon|shuron . . . . . . . . . . . . . . .
. . . . . % . . . . . % . . . % . . . . . . . . . > % % % % % % % % <*soturon
. . . . . . . . . . . . . . . . . . . % . . . . . % . . . % . . . . . . . . >
% % % % % % % % % % % <*shuron . . . . . . . . . . . . . . . . . . . % . . . .
. % . . . % . . . . . . . . . . . . . . . / . . . . . . . . . . . . . . . . .
. . . . . . . . > % % % % % % % % % % % % % % % % % % % % % % % % % <*soturon
. . . . > % % <*shuron % . . . . % . . . . . . . . . . . . . . . . . . . . . .
. . . . . . . % % > % % % % % <*12pt % . . . . . . . . . . . . . . . . . . . .
. > % % % <*soturon . . . . . . . . . . . . . . . . . . . . . . . . . . % . .
. . . . . . . . . . > % % % % % <*shuron . . . . . . . . . . . . . . . . % . .
. . . . . . . . . . % . . . . . . . . . . . . > % % % % % % <*shuron . . . . .
. . . . . . . . . . . > % % % % % <*soturon . . . % . . > <*shuron . . . . . >
% % % % % % % <*soturon|shuron . . > % % % % % % <*soturon|shuron . > % % % %
% % <*soturon . . . . . . . . . . . % % . . . . . . . > <*shuron . . . . . . .
. . . . . . . . . . . . > % % % % % % % <soturon|shuron . > % % % % % % % % %
% % % % % % % % % % % % % <soturon|shuron . > % % % % % % % <*shuron % % % . .
% . . . . % % . . . . . % % % . . % . . . . . . . . . . . . % . . . . % % % %
. . . . . . . . . . . . . . . . % % % % . . . . . . . . . . . . . . . % % % %
. . . . . . % % % % % . . . . . % % % % . . . . . % % % . . . . . > % % % % %
<*shuron . . . . . . . . . . . . . . . . % . . . . . . . . . . . . . . . . . .
. . . . . . . . . . . . . . . . . . . . . . . . . . . . . . . . . . . . . . .
. . . % . . . > % % % % % <*fonts . . . . . . . . . . . . . . . . . . . . . .
. . . . . . . . . . . . . . . . . . . . . . . . . . . . . . . . . . . . . . .
. . . . . . . . . . . . . . . > % % % % <*ilsmf . % % % % % % % % % . % % % .
. . % % . % . % % . . . . . % . . . . . . . . . . . . . . . . . . . . . . . .
. . . . . . . . . . . . . . . . . . . . . . . . . . . . . . . . . . . . . % %
% % % % % . . . % % . % . % % . . . . % . . . . . . . . . . . . . . . . . . .
. . . . . . . . . . . . . . . . . . . . . . . . . . . . . . . . . . . . . . .
. . . % % % % % % % . . . % % % . % % . . . . . . . % . . % . % % % % . % % .
. . . . . . % . % . % % . . . % % % % . % % . . . . . . . % . . % . % % % % .
% % . . . . . . . % . . % . . % . . . > % % % %
File ilsstyles.dtx ended by \endinput.
Lines  processed: 1485
Comments removed: 526
Comments  passed: 30
Codelines passed: 839


Generating file(s) ./ils12pt.sty 
\openout0 = `./ils12pt.sty'.


Processing file ilsstyles.dtx (12pt) -> ils12pt.sty
% % % % % % % % % % % % % % % % % % % % %
<soturon|shuron|driver|fonts|12pt . > <*driver . > <soturon . > <shuron . >
<12pt . > <fonts . > <soturon|shuron|driver|fonts . > <12pt . > <*driver . . %
. . % % . . . . . . > % % % % % % % % % <*soturon|shuron . . > % % % % % % % %
% <soturon|shuron . > % % % % % % % % % % % % % <*soturon . . . . . . . . . .
. . . . . > % % % % % % <soturon|shuron . > % % % % % <*soturon|shuron . . . .
> % % % % % <*soturon|shuron . . . > % % % % <soturon . > <shuron . > % % % %
% % <*soturon|shuron . . > % % % % % % % % % <*12pt . . > % % % % % % % % % %
<12pt . > % % % % % % % % % <*12pt . . > % % % % % % % % % % % % <*12pt . . .
> % % % % % % % % % % % % % <*soturon|shuron . . . > % % % % % % % % % % % % %
% % % <*12pt . . . > % % % % % % % % % <12pt . > % % % % % % % % % % % <*12pt
. . . . . > % % % % % % % % % % % % % <*12pt . . > % % % % % % % <*12pt . . %
% % . . > % % % % % % % % % % % <12pt . > % % % % % % % % % % % <*12pt . . > %
% % % % % % % % % % <*12pt . . . > % % % % % % % % % % % % <12pt . > % % % % %
% <12pt . > % % % % % % % % % % <*soturon|shuron . . . . . . . . . . . . . . .
. . . . . % . . . . . % . . . % . . . . . . . . . > % % % % % % % % <*soturon
. . . . . . . . . . . . . . . . . . . % . . . . . % . . . % . . . . . . . . >
% % % % % % % % % % % <*shuron . . . . . . . . . . . . . . . . . . . % . . . .
. % . . . % . . . . . . . . . . . . . . . / . . . . . . . . . . . . . . . . .
. . . . . . . . > % % % % % % % % % % % % % % % % % % % % % % % % % <*soturon
. . . . > % % <*shuron % . . . . % . . . . . . . . . . . . . . . . . . . . . .
. . . . . . . % % > % % % % % <*12pt % . . . . . . . . . . . . . . . . . . . .
. > % % % <*soturon . . . . . . . . . . . . . . . . . . . . . . . . . . % . .
. . . . . . . . . . > % % % % % <*shuron . . . . . . . . . . . . . . . . % . .
. . . . . . . . . . % . . . . . . . . . . . . > % % % % % % <*shuron . . . . .
. . . . . . . . . . . > % % % % % <*soturon . . . % . . > <*shuron . . . . . >
% % % % % % % <*soturon|shuron . . > % % % % % % <*soturon|shuron . > % % % %
% % <*soturon . . . . . . . . . . . % % . . . . . . . > <*shuron . . . . . . .
. . . . . . . . . . . . > % % % % % % % <soturon|shuron . > % % % % % % % % %
% % % % % % % % % % % % % <soturon|shuron . > % % % % % % % <*shuron % % % . .
% . . . . % % . . . . . % % % . . % . . . . . . . . . . . . % . . . . % % % %
. . . . . . . . . . . . . . . . % % % % . . . . . . . . . . . . . . . % % % %
. . . . . . % % % % % . . . . . % % % % . . . . . % % % . . . . . > % % % % %
<*shuron . . . . . . . . . . . . . . . . % . . . . . . . . . . . . . . . . . .
. . . . . . . . . . . . . . . . . . . . . . . . . . . . . . . . . . . . . . .
. . . % . . . > % % % % % <*fonts . . . . . . . . . . . . . . . . . . . . . .
. . . . . . . . . . . . . . . . . . . . . . . . . . . . . . . . . . . . . . .
. . . . . . . . . . . . . . . > % % % % <*ilsmf . % % % % % % % % % . % % % .
. . % % . % . % % . . . . . % . . . . . . . . . . . . . . . . . . . . . . . .
. . . . . . . . . . . . . . . . . . . . . . . . . . . . . . . . . . . . . % %
% % % % % . . . % % . % . % % . . . . % . . . . . . . . . . . . . . . . . . .
. . . . . . . . . . . . . . . . . . . . . . . . . . . . . . . . . . . . . . .
. . . % % % % % % % . . . % % % . % % . . . . . . . % . . % . % % % % . % % .
. . . . . . % . % . % % . . . % % % % . % % . . . . . . . % . . % . % % % % .
% % . . . . . . . % . . % . . % . . . > % % % %
File ilsstyles.dtx ended by \endinput.
Lines  processed: 1485
Comments removed: 526
Comments  passed: 30
Codelines passed: 839


Generating file(s) ./ilsfonts.sty 
\openout0 = `./ilsfonts.sty'.


Processing file ilsstyles.dtx (fonts) -> ilsfonts.sty
% % % % % % % % % % % % % % % % % % % % %
<soturon|shuron|driver|fonts|12pt . > <*driver . > <soturon . > <shuron . >
<12pt . > <fonts . > <soturon|shuron|driver|fonts . > <12pt . > <*driver . . %
. . % % . . . . . . > % % % % % % % % % <*soturon|shuron . . > % % % % % % % %
% <soturon|shuron . > % % % % % % % % % % % % % <*soturon . . . . . . . . . .
. . . . . > % % % % % % <soturon|shuron . > % % % % % <*soturon|shuron . . . .
> % % % % % <*soturon|shuron . . . > % % % % <soturon . > <shuron . > % % % %
% % <*soturon|shuron . . > % % % % % % % % % <*12pt . . > % % % % % % % % % %
<12pt . > % % % % % % % % % <*12pt . . > % % % % % % % % % % % % <*12pt . . .
> % % % % % % % % % % % % % <*soturon|shuron . . . > % % % % % % % % % % % % %
% % % <*12pt . . . > % % % % % % % % % <12pt . > % % % % % % % % % % % <*12pt
. . . . . > % % % % % % % % % % % % % <*12pt . . > % % % % % % % <*12pt . . %
% % . . > % % % % % % % % % % % <12pt . > % % % % % % % % % % % <*12pt . . > %
% % % % % % % % % % <*12pt . . . > % % % % % % % % % % % % <12pt . > % % % % %
% <12pt . > % % % % % % % % % % <*soturon|shuron . . . . . . . . . . . . . . .
. . . . . % . . . . . % . . . % . . . . . . . . . > % % % % % % % % <*soturon
. . . . . . . . . . . . . . . . . . . % . . . . . % . . . % . . . . . . . . >
% % % % % % % % % % % <*shuron . . . . . . . . . . . . . . . . . . . % . . . .
. % . . . % . . . . . . . . . . . . . . . / . . . . . . . . . . . . . . . . .
. . . . . . . . > % % % % % % % % % % % % % % % % % % % % % % % % % <*soturon
. . . . > % % <*shuron % . . . . % . . . . . . . . . . . . . . . . . . . . . .
. . . . . . . % % > % % % % % <*12pt % . . . . . . . . . . . . . . . . . . . .
. > % % % <*soturon . . . . . . . . . . . . . . . . . . . . . . . . . . % . .
. . . . . . . . . . > % % % % % <*shuron . . . . . . . . . . . . . . . . % . .
. . . . . . . . . . % . . . . . . . . . . . . > % % % % % % <*shuron . . . . .
. . . . . . . . . . . > % % % % % <*soturon . . . % . . > <*shuron . . . . . >
% % % % % % % <*soturon|shuron . . > % % % % % % <*soturon|shuron . > % % % %
% % <*soturon . . . . . . . . . . . % % . . . . . . . > <*shuron . . . . . . .
. . . . . . . . . . . . > % % % % % % % <soturon|shuron . > % % % % % % % % %
% % % % % % % % % % % % % <soturon|shuron . > % % % % % % % <*shuron % % % . .
% . . . . % % . . . . . % % % . . % . . . . . . . . . . . . % . . . . % % % %
. . . . . . . . . . . . . . . . % % % % . . . . . . . . . . . . . . . % % % %
. . . . . . % % % % % . . . . . % % % % . . . . . % % % . . . . . > % % % % %
<*shuron . . . . . . . . . . . . . . . . % . . . . . . . . . . . . . . . . . .
. . . . . . . . . . . . . . . . . . . . . . . . . . . . . . . . . . . . . . .
. . . % . . . > % % % % % <*fonts . . . . . . . . . . . . . . . . . . . . . .
. . . . . . . . . . . . . . . . . . . . . . . . . . . . . . . . . . . . . . .
. . . . . . . . . . . . . . . > % % % % <*ilsmf . % % % % % % % % % . % % % .
. . % % . % . % % . . . . . % . . . . . . . . . . . . . . . . . . . . . . . .
. . . . . . . . . . . . . . . . . . . . . . . . . . . . . . . . . . . . . % %
% % % % % . . . % % . % . % % . . . . % . . . . . . . . . . . . . . . . . . .
. . . . . . . . . . . . . . . . . . . . . . . . . . . . . . . . . . . . . . .
. . . % % % % % % % . . . % % % . % % . . . . . . . % . . % . % % % % . % % .
. . . . . . % . % . % % . . . % % % % . % % . . . . . . . % . . % . % % % % .
% % . . . . . . . % . . % . . % . . . > % % % %
File ilsstyles.dtx ended by \endinput.
Lines  processed: 1485
Comments removed: 526
Comments  passed: 30
Codelines passed: 839


Generating file(s) ./ils.mf 
\openout0 = `./ils.mf'.


Processing file ilsstyles.dtx (ilsmf) -> ils.mf
% % % % % % % % % % % % % % % % % % % % %
<soturon|shuron|driver|fonts|12pt . > <*driver . > <soturon . > <shuron . >
<12pt . > <fonts . > <soturon|shuron|driver|fonts . > <12pt . > <*driver . . %
. . % % . . . . . . > % % % % % % % % % <*soturon|shuron . . > % % % % % % % %
% <soturon|shuron . > % % % % % % % % % % % % % <*soturon . . . . . . . . . .
. . . . . > % % % % % % <soturon|shuron . > % % % % % <*soturon|shuron . . . .
> % % % % % <*soturon|shuron . . . > % % % % <soturon . > <shuron . > % % % %
% % <*soturon|shuron . . > % % % % % % % % % <*12pt . . > % % % % % % % % % %
<12pt . > % % % % % % % % % <*12pt . . > % % % % % % % % % % % % <*12pt . . .
> % % % % % % % % % % % % % <*soturon|shuron . . . > % % % % % % % % % % % % %
% % % <*12pt . . . > % % % % % % % % % <12pt . > % % % % % % % % % % % <*12pt
. . . . . > % % % % % % % % % % % % % <*12pt . . > % % % % % % % <*12pt . . %
% % . . > % % % % % % % % % % % <12pt . > % % % % % % % % % % % <*12pt . . > %
% % % % % % % % % % <*12pt . . . > % % % % % % % % % % % % <12pt . > % % % % %
% <12pt . > % % % % % % % % % % <*soturon|shuron . . . . . . . . . . . . . . .
. . . . . % . . . . . % . . . % . . . . . . . . . > % % % % % % % % <*soturon
. . . . . . . . . . . . . . . . . . . % . . . . . % . . . % . . . . . . . . >
% % % % % % % % % % % <*shuron . . . . . . . . . . . . . . . . . . . % . . . .
. % . . . % . . . . . . . . . . . . . . . / . . . . . . . . . . . . . . . . .
. . . . . . . . > % % % % % % % % % % % % % % % % % % % % % % % % % <*soturon
. . . . > % % <*shuron % . . . . % . . . . . . . . . . . . . . . . . . . . . .
. . . . . . . % % > % % % % % <*12pt % . . . . . . . . . . . . . . . . . . . .
. > % % % <*soturon . . . . . . . . . . . . . . . . . . . . . . . . . . % . .
. . . . . . . . . . > % % % % % <*shuron . . . . . . . . . . . . . . . . % . .
. . . . . . . . . . % . . . . . . . . . . . . > % % % % % % <*shuron . . . . .
. . . . . . . . . . . > % % % % % <*soturon . . . % . . > <*shuron . . . . . >
% % % % % % % <*soturon|shuron . . > % % % % % % <*soturon|shuron . > % % % %
% % <*soturon . . . . . . . . . . . % % . . . . . . . > <*shuron . . . . . . .
. . . . . . . . . . . . > % % % % % % % <soturon|shuron . > % % % % % % % % %
% % % % % % % % % % % % % <soturon|shuron . > % % % % % % % <*shuron % % % . .
% . . . . % % . . . . . % % % . . % . . . . . . . . . . . . % . . . . % % % %
. . . . . . . . . . . . . . . . % % % % . . . . . . . . . . . . . . . % % % %
. . . . . . % % % % % . . . . . % % % % . . . . . % % % . . . . . > % % % % %
<*shuron . . . . . . . . . . . . . . . . % . . . . . . . . . . . . . . . . . .
. . . . . . . . . . . . . . . . . . . . . . . . . . . . . . . . . . . . . . .
. . . % . . . > % % % % % <*fonts . . . . . . . . . . . . . . . . . . . . . .
. . . . . . . . . . . . . . . . . . . . . . . . . . . . . . . . . . . . . . .
. . . . . . . . . . . . . . . > % % % % <*ilsmf . % % % % % % % % % . % % % .
. . % % . % . % % . . . . . % . . . . . . . . . . . . . . . . . . . . . . . .
. . . . . . . . . . . . . . . . . . . . . . . . . . . . . . . . . . . . . % %
% % % % % . . . % % . % . % % . . . . % . . . . . . . . . . . . . . . . . . .
. . . . . . . . . . . . . . . . . . . . . . . . . . . . . . . . . . . . . . .
. . . % % % % % % % . . . % % % . % % . . . . . . . % . . % . % % % % . % % .
. . . . . . % . % . % % . . . % % % % . % % . . . . . . . % . . % . % % % % .
% % . . . . . . . % . . % . . % . . . > % % % %
File ilsstyles.dtx ended by \endinput.
Lines  processed: 1485
Comments removed: 526
Comments  passed: 30
Codelines passed: 839

)
Overall statistics:
Files  processed: 5
Lines  processed: 7425
Comments removed: 2630
Comments  passed: 150
Codelines passed: 4195
 ) ) 
Here is how much of TeX's memory you used:
 354 strings out of 495281
 3546 string characters out of 3186456
 56160 words of memory out of 3000000
 3752 multiletter control sequences out of 15000+200000
 7519 words of font info for 31 fonts, out of 3000000 for 9000
 14 hyphenation exceptions out of 8191
 18i,0n,18p,267b,136s stack positions out of 5000i,500n,10000p,200000b,50000s

No pages of output.
